<?xml version="1.0" encoding="UTF-8"?>
<!-- Generated by org.testng.reporters.JUnitXMLReporter -->
<testsuite hostname="vishakha-Inspiron-3542" ignored="0" name="Search page(valid) Test" tests="4" failures="0" timestamp="18 Sep 2020 16:25:20 GMT" time="25.127" errors="0">
  <testcase name="selectFromAndTOCityTest" time="5.551" classname="com.practice.PositiveTestcases.ValidScenarioTest"/>
  <testcase name="seletOneWayTest" time="2.133" classname="com.practice.PositiveTestcases.ValidScenarioTest"/>
  <testcase name="selectDateTest" time="2.559" classname="com.practice.PositiveTestcases.ValidScenarioTest"/>
  <testcase name="clickSearchTest" time="13.347" classname="com.practice.PositiveTestcases.ValidScenarioTest"/>
</testsuite> <!-- Search page(valid) Test -->
